hp-check[5744]: info: :
hp-check[5744]: info: :[01mHP Linux Imaging and Printing System (ver. 3.16.3)[0m
hp-check[5744]: info: :[01mDependency/Version Check Utility ver. 15.1[0m
hp-check[5744]: info: :
hp-check[5744]: info: :Copyright (c) 2001-15 HP Development Company, LP
hp-check[5744]: info: :This software comes with ABSOLUTELY NO WARRANTY.
hp-check[5744]: info: :This is free software, and you are welcome to distribute it
hp-check[5744]: info: :under certain conditions. See COPYING file for more details.
hp-check[5744]: info: :
hp-check[5744]: info: :[01mNote: hp-check can be run in three modes:[0m
hp-check[5744]: info: :1. Compile-time check mode (-c or --compile): Use this mode before compiling the
hp-check[5744]: info: :HPLIP supplied tarball (.tar.gz or .run) to determine if the proper dependencies
hp-check[5744]: info: :are installed to successfully compile HPLIP.                                    
hp-check[5744]: info: :2. Run-time check mode (-r or --run): Use this mode to determine if a distro    
hp-check[5744]: info: :supplied package (.deb, .rpm, etc) or an already built HPLIP supplied tarball   
hp-check[5744]: info: :has the proper dependencies installed to successfully run.                      
hp-check[5744]: info: :3. Both compile- and run-time check mode (-b or --both) (Default): This mode    
hp-check[5744]: info: :will check both of the above cases (both compile- and run-time dependencies).   
hp-check[5744]: info: :
hp-check[5744]: info: :Check types:                                                                    
hp-check[5744]: info: :a. EXTERNALDEP - External Dependencies                                          
hp-check[5744]: info: :b. GENERALDEP - General Dependencies (required both at compile and run time)    
hp-check[5744]: info: :c. COMPILEDEP - Compile time Dependencies                                       
hp-check[5744]: info: :d. [All are run-time checks]                                                    
hp-check[5744]: info: :PYEXT SCANCONF QUEUES PERMISSION                                                
hp-check[5744]: info: :
hp-check[5744]: info: :Status Types:
hp-check[5744]: info: :    OK
hp-check[5744]: info: :    MISSING       - Missing Dependency or Permission or Plug-in
hp-check[5744]: info: :    INCOMPAT      - Incompatible dependency-version or Plugin-version
hp-check[5744]: info: :
hp-check[5744]: info: :
hp-check[5744]: info: :---------------
hp-check[5744]: info: :| SYSTEM INFO |
hp-check[5744]: info: :---------------
hp-check[5744]: info: :
hp-check[5744]: info: : Kernel: 4.13.0-45-generic #50~16.04.1-Ubuntu SMP Wed May 30 11:18:27 UTC 2018 GNU/Linux
 Host: comworks-Inspiron-5570
 Proc: 4.13.0-45-generic #50~16.04.1-Ubuntu SMP Wed May 30 11:18:27 UTC 2018 GNU/Linux
 Distribution: ubuntu 16.04
hp-check[5744]: info: : Bitness: 64 bit

hp-check[5744]: info: :
hp-check[5744]: info: :-----------------------
hp-check[5744]: info: :| HPLIP CONFIGURATION |
hp-check[5744]: info: :-----------------------
hp-check[5744]: info: :
hp-check[5744]: info: :HPLIP-Version: HPLIP 3.16.3
hp-check[5744]: info: :HPLIP-Home: /usr/share/hplip
hp-check[5744]: info: :HPLIP-Installation: Auto installation is supported for ubuntu distro  16.04 version 
hp-check[5744]: info: :
hp-check[5744]: info: :[01mCurrent contents of '/etc/hp/hplip.conf' file:[0m
hp-check[5744]: info: :# hplip.conf.  Generated from hplip.conf.in by configure.

[hplip]
version=3.16.3

[dirs]
home=/usr/share/hplip
run=/var/run
ppd=/usr/share/ppd/hplip/HP
ppdbase=/usr/share/ppd/hplip
doc=/usr/share/doc/hplip
html=/usr/share/doc/hplip-doc
icon=no
cupsbackend=/usr/lib/cups/backend
cupsfilter=/usr/lib/cups/filter
drv=/usr/share/cups/drv
bin=/usr/bin
apparmor=/etc/apparmor.d
# Following values are determined at configure time and cannot be changed.
[configure]
network-build=yes
libusb01-build=no
pp-build=yes
gui-build=yes
scanner-build=yes
fax-build=yes
dbus-build=yes
cups11-build=no
doc-build=yes
shadow-build=no
hpijs-install=yes
foomatic-drv-install=yes
foomatic-ppd-install=yes
foomatic-rip-hplip-install=no
hpcups-install=yes
cups-drv-install=yes
cups-ppd-install=no
internal-tag=3.16.3
restricted-build=no
ui-toolkit=qt4
qt3=no
qt4=yes
policy-kit=yes
lite-build=no
udev_sysfs_rules=no
hpcups-only-build=no
hpijs-only-build=no
apparmor_build=no

hp-check[5744]: info: :
hp-check[5744]: info: :[01mCurrent contents of '/var/lib/hp/hplip.state' file:[0m
hp-check[5744]: info: :Plugins are not installed. Could not access file: No such file or directory
hp-check[5744]: info: :
hp-check[5744]: info: :[01mCurrent contents of '~/.hplip/hplip.conf' file:[0m
hp-check[5744]: info: :[installation]
date_time = 07/20/18 13:37:55
version = 3.16.3


hp-check[5744]: info: : <Package-name>        <Package-Desc>      <Required/Optional> <Min-Version> <Installed-Version> <Status>   <Comment>
hp-check[5744]: info: :
hp-check[5744]: info: :--------------------------
hp-check[5744]: info: :|  External Dependencies |
hp-check[5744]: info: :--------------------------
hp-check[5744]: info: :
hp-check[5744]: info: : scanimage            scanimage - Shell scanning program                           OPTIONAL        1.0             1.0.25          OK         -
hp-check[5744]: info: : network              network -wget                                                OPTIONAL        -               1.17.1          OK         -
hp-check[5744]: info: :[31;01m error: cups          CUPS - Common Unix Printing System                           REQUIRED        1.1             -               INCOMPAT   'CUPS may not be installed or not running'[0m
hp-check[5744]: info: :[31;01m error: dbus          DBus - Message bus system                                    REQUIRED        -               1.10.6          MISSING    'DBUS may not be installed or not running'[0m
hp-check[5744]: info: : avahi-utils          avahi-utils                                                  OPTIONAL        -               0.6.32          OK         -
hp-check[5744]: info: : gs                   GhostScript - PostScript and PDF language interpreter and previewer REQUIRED        7.05            9.18            OK         -
hp-check[5744]: info: :[31;01m error: xsane         xsane - Graphical scanner frontend for SANE                  OPTIONAL        0.9             -               MISSING    'xsane needs to be installed'[0m
hp-check[5744]: info: : policykit            PolicyKit - Administrative policy framework                  OPTIONAL        -               0.105           OK         -
hp-check[5744]: info: :
hp-check[5744]: info: :-------------------------
hp-check[5744]: info: :|  General Dependencies |
hp-check[5744]: info: :-------------------------
hp-check[5744]: info: :
hp-check[5744]: info: :[31;01m error: libnetsnmp-devel libnetsnmp-devel - SNMP networking library development files REQUIRED        5.0.9           -               MISSING    'libnetsnmp-devel needs to be installed'[0m
hp-check[5744]: info: :[31;01m error: libjpeg       libjpeg - JPEG library                                       REQUIRED        -               -               MISSING    'libjpeg needs to be installed'[0m
hp-check[5744]: info: : python3-dbus         Python DBus - Python bindings for DBus                       REQUIRED        0.80.0          1.2.0           OK         -
hp-check[5744]: info: : libcrypto            libcrypto - OpenSSL cryptographic library                    REQUIRED        -               1.1.0           OK         -
hp-check[5744]: info: : sane                 SANE - Scanning library                                      REQUIRED        -               -               OK         -
hp-check[5744]: info: :[31;01m error: sane-devel    SANE - Scanning library development files                    REQUIRED        -               -               MISSING    'sane-devel needs to be installed'[0m
hp-check[5744]: info: :[31;01m error: cups-devel    CUPS devel- Common Unix Printing System development files    REQUIRED        -               -               MISSING    'cups-devel needs to be installed'[0m
hp-check[5744]: info: :[31;01m error: libusb        libusb - USB library                                         REQUIRED        -               1.0             MISSING    'libusb needs to be installed'[0m
hp-check[5744]: info: :[31;01m error: python3-pyqt4 PyQt 4- Qt interface for Python (for Qt version 4.x)         REQUIRED        4.0             -               MISSING    'python3-pyqt4 needs to be installed'[0m
hp-check[5744]: info: : python3-devel        Python devel - Python development files                      REQUIRED        2.2             3.5.2           OK         -
hp-check[5744]: info: :[31;01m error: python3-pyqt4-dbus PyQt 4 DBus - DBus Support for PyQt4                         OPTIONAL        4.0             -               MISSING    'python3-pyqt4-dbus needs to be installed'[0m
hp-check[5744]: info: : python3-pil          PIL - Python Imaging Library (required for commandline scanning with hp-scan) OPTIONAL        -               1.1.7           OK         -
hp-check[5744]: info: : libpthread           libpthread - POSIX threads library                           REQUIRED        -               b'2.23'         OK         -
hp-check[5744]: info: : python3-reportlab    Reportlab - PDF library for Python                           OPTIONAL        2.0             3.3.0           OK         -
hp-check[5744]: info: : python3X             Python 2.2 or greater - Python programming language          REQUIRED        2.2             3.5.2           OK         -
hp-check[5744]: info: :[31;01m error: cups-image    CUPS image - CUPS image development files                    REQUIRED        -               -               MISSING    'cups-image needs to be installed'[0m
hp-check[5744]: info: :[31;01m error: python3-notify2 Python libnotify - Python bindings for the libnotify Desktop notifications OPTIONAL        -               -               MISSING    'python3-notify2 needs to be installed'[0m
hp-check[5744]: info: : python3-xml          Python XML libraries                                         REQUIRED        -               2.1.0           OK         -
hp-check[5744]: info: :
hp-check[5744]: info: :---------------
hp-check[5744]: info: :|  COMPILEDEP |
hp-check[5744]: info: :---------------
hp-check[5744]: info: :
hp-check[5744]: info: :[31;01m error: libtool       libtool - Library building support services                  REQUIRED        -               -               MISSING    'libtool needs to be installed'[0m
hp-check[5744]: info: : make                 make - GNU make utility to maintain groups of programs       REQUIRED        3.0             4.1             OK         -
hp-check[5744]: info: : gcc                  gcc - GNU Project C and C++ Compiler                         REQUIRED        -               5.4.0           OK         -
hp-check[5744]: info: :
hp-check[5744]: info: :----------------------
hp-check[5744]: info: :|  Python Extentions |
hp-check[5744]: info: :----------------------
hp-check[5744]: info: :
hp-check[5744]: info: : cupsext              CUPS-Extension                                               REQUIRED        -               3.16.3          OK         -
hp-check[5744]: info: : hpmudext             IO-Extension                                                 REQUIRED        -               3.16.3          OK         -
hp-check[5744]: info: :
hp-check[5744]: info: :-----------------------
hp-check[5744]: info: :|  Scan Configuration |
hp-check[5744]: info: :-----------------------
hp-check[5744]: info: :
hp-check[5744]: info: : scanext              Scan-SANE-Extension                                          REQUIRED        -               3.16.3          OK         -
hp-check[5744]: info: :'/etc/sane.d/dll.d/hpaio' not found.
hp-check[5744]: info: : hpaio                HPLIP-SANE-Backend                                           REQUIRED        -               3.16.3          OK         'hpaio found in /etc/sane.d/dll.conf'
hp-check[5744]: info: :
hp-check[5744]: info: :-----------------------
hp-check[5744]: info: :|  Other Dependencies |
hp-check[5744]: info: :-----------------------
hp-check[5744]: info: :
hp-check[5744]: info: :
hp-check[5744]: info: :------------------------------
hp-check[5744]: info: :| DISCOVERED SCANNER DEVICES |
hp-check[5744]: info: :------------------------------
hp-check[5744]: info: :
hp-check[5744]: info: :No Scanner found.
hp-check[5744]: info: :
hp-check[5744]: info: :--------------------------
hp-check[5744]: info: :| DISCOVERED USB DEVICES |
hp-check[5744]: info: :--------------------------
hp-check[5744]: info: :
hp-check[5744]: info: :No devices found.
hp-check[5744]: info: :
hp-check[5744]: info: :---------------------------------
hp-check[5744]: info: :| INSTALLED CUPS PRINTER QUEUES |
hp-check[5744]: info: :---------------------------------
hp-check[5744]: info: :
hp-check[5744]: info: :
hp-check[5744]: info: :[01mPOS58[0m
hp-check[5744]: info: :[01m-----[0m
hp-check[5744]: info: :Type: Unknown
hp-check[5744]: info: :Device URI: socket://192.168.1.100:9100
hp-check[5744]: info: :PPD: /etc/cups/ppd/POS58.ppd
hp-check[5744]: info: :PPD Description: POS58
hp-check[5744]: info: :Printer status: printer POS58 is idle.  enabled since Friday, 20 July, 2018 01:36:42 PM +08	The printer is not responding.
warning: Printer is not HPLIP installed. Printers must use the hp: or hpfax: CUPS backend for HP-Devices.
hp-check[5744]: info: :
hp-check[5744]: info: :
hp-check[5744]: info: :--------------
hp-check[5744]: info: :| PERMISSION |
hp-check[5744]: info: :--------------
hp-check[5744]: info: :
hp-check[5744]: info: :
hp-check[5744]: info: :-----------
hp-check[5744]: info: :| SUMMARY |
hp-check[5744]: info: :-----------
hp-check[5744]: info: :
hp-check[5744]: info: :[01mMissing Required Dependencies[0m
hp-check[5744]: info: :[01m-----------------------------[0m
error: 'libcups2' package is missing/incompatible 
error: 'libdbus-1-dev' package is missing/incompatible 
error: 'libsnmp-dev' package is missing/incompatible 
error: 'snmp-mibs-downloader' package is missing/incompatible 
error: 'libjpeg-dev' package is missing/incompatible 
error: 'libsane-dev' package is missing/incompatible 
error: 'libcups2-dev' package is missing/incompatible 
error: 'cups-bsd' package is missing/incompatible 
error: 'cups-client' package is missing/incompatible 
error: 'libusb-1.0.0-dev' package is missing/incompatible 
error: 'python3-pyqt4' package is missing/incompatible 
error: 'gtk2-engines-pixbuf' package is missing/incompatible 
error: 'libcupsimage2-dev' package is missing/incompatible 
error: 'libtool' package is missing/incompatible 
error: 'libtool-bin' package is missing/incompatible 
hp-check[5744]: info: :
hp-check[5744]: info: :[01mMissing Optional Dependencies[0m
hp-check[5744]: info: :[01m-----------------------------[0m
error: 'gtk2-engines-pixbuf' package is missing/incompatible 
error: 'xsane' package is missing/incompatible 
error: 'python3-dbus.mainloop.qt' package is missing/incompatible 
error: 'python3-notify2' package is missing/incompatible 
hp-check[5744]: info: :
hp-check[5744]: info: :Total Errors: 13
hp-check[5744]: info: :Total Warnings: 1
hp-check[5744]: info: :
hp-check[5744]: info: :
hp-check[5744]: info: :Done.
